ERROR main configTest.ConfigTest - test
INFO main utils.PropertieUtil - 开始加载properties文件内容.......
INFO main utils.PropertieUtil - 加载properties文件内容完成...........
INFO main utils.PropertieUtil - properties文件内容：{original.table.path="F:/project/Entity Augmentation data/WebTables_books", query.table.path="F:/project/Entity Augmentation/DataSet/Experiments/query_table"}
INFO main utils.PropertieUtil - 开始加载properties文件内容.......
INFO main utils.PropertieUtil - 加载properties文件内容完成...........
INFO main utils.PropertieUtil - properties文件内容：{original.table.path="F:/project/Entity Augmentation data/WebTables_books", query.table.path="F:/project/Entity Augmentation/DataSet/Experiments/query_table"}
INFO main utils.PropertieUtil - 开始加载properties文件内容.......
INFO main utils.PropertieUtil - 加载properties文件内容完成...........
INFO main utils.PropertieUtil - properties文件内容：{original.table.path="F:/project/Entity Augmentation data/WebTables_books", query.table.path="F:/project/Entity Augmentation/DataSet/Experiments/query_table"}
INFO main utils.PropertieUtil - 开始加载properties文件内容.......
INFO main utils.PropertieUtil - 加载properties文件内容完成...........
INFO main utils.PropertieUtil - properties文件内容：{original.table.path="F:/project/Entity Augmentation data/WebTables_books", query.table.path="F:/project/Entity Augmentation/DataSet/Experiments/query_table"}
INFO main utils.PropertieUtil - 开始加载properties文件内容.......
INFO main utils.PropertieUtil - 加载properties文件内容完成...........
INFO main utils.PropertieUtil - properties文件内容：{original.table.path="F:/project/Entity Augmentation data/WebTables_books", query.table.path="F:/project/Entity Augmentation/DataSet/Experiments/query_table"}
INFO main utils.PropertieUtil - 开始加载properties文件内容.......
INFO main utils.PropertieUtil - 加载properties文件内容完成...........
INFO main utils.PropertieUtil - properties文件内容：{original.table.path="F:/project/Entity Augmentation data/WebTables_books", query.table.path="F:/project/Entity Augmentation/DataSet/Experiments/query_table"}
INFO main utils.PropertieUtil - 开始加载properties文件内容.......
INFO main utils.PropertieUtil - 加载properties文件内容完成...........
INFO main utils.PropertieUtil - properties文件内容：{original.table.path=F:/project/Entity Augmentation data/WebTables_books, query.table.path=F:/project/Entity Augmentation/DataSet/Experiments/query_table}
